2019-08-24 10:21:54,064 - Log4JLogChute initialized using file 'velocity.log'
2019-08-24 10:21:54,064 - Initializing Velocity, Calling init()...
2019-08-24 10:21:54,065 - Starting Apache Velocity v1.7 (compiled: 2010-11-19 12:14:37)
2019-08-24 10:21:54,065 - Default Properties File: org\apache\velocity\runtime\defaults\velocity.properties
2019-08-24 10:21:54,065 - Trying to use logger class org.apache.velocity.runtime.log.AvalonLogChute
2019-08-24 10:21:54,065 - Target log system for org.apache.velocity.runtime.log.AvalonLogChute is not available (java.lang.NoClassDefFoundError: org/apache/log/format/Formatter).  Falling back to next log system...
2019-08-24 10:21:54,065 - Trying to use logger class org.apache.velocity.runtime.log.Log4JLogChute
2019-08-24 10:21:54,065 - Using logger class org.apache.velocity.runtime.log.Log4JLogChute
2019-08-24 10:21:54,073 - ResourceLoader instantiated: org.apache.velocity.runtime.resource.loader.ClasspathResourceLoader
2019-08-24 10:21:54,105 - ResourceCache: initialized (class org.apache.velocity.runtime.resource.ResourceCacheImpl) with class java.util.Collections$SynchronizedMap cache map.
2019-08-24 10:21:54,107 - Loaded System Directive: org.apache.velocity.runtime.directive.Stop
2019-08-24 10:21:54,110 - Loaded System Directive: org.apache.velocity.runtime.directive.Define
2019-08-24 10:21:54,111 - Loaded System Directive: org.apache.velocity.runtime.directive.Break
2019-08-24 10:21:54,112 - Loaded System Directive: org.apache.velocity.runtime.directive.Evaluate
2019-08-24 10:21:54,114 - Loaded System Directive: org.apache.velocity.runtime.directive.Literal
2019-08-24 10:21:54,116 - Loaded System Directive: org.apache.velocity.runtime.directive.Macro
2019-08-24 10:21:54,118 - Loaded System Directive: org.apache.velocity.runtime.directive.Parse
2019-08-24 10:21:54,120 - Loaded System Directive: org.apache.velocity.runtime.directive.Include
2019-08-24 10:21:54,122 - Loaded System Directive: org.apache.velocity.runtime.directive.Foreach
2019-08-24 10:21:54,187 - Created '20' parsers.
2019-08-24 10:21:54,198 - Velocimacro : "velocimacro.library" is not set.  Trying default library: VM_global_library.vm
2019-08-24 10:21:54,200 - Could not load resource 'VM_global_library.vm' from ResourceLoader org.apache.velocity.runtime.resource.loader.ClasspathResourceLoader: ClasspathResourceLoader Error: cannot find resource VM_global_library.vm
2019-08-24 10:21:54,200 - Velocimacro : Default library not found.
2019-08-24 10:21:54,200 - Velocimacro : allowInline = true : VMs can be defined inline in templates
2019-08-24 10:21:54,200 - Velocimacro : allowInlineToOverride = false : VMs defined inline may NOT replace previous VM definitions
2019-08-24 10:21:54,200 - Velocimacro : allowInlineLocal = false : VMs defined inline will be global in scope if allowed.
2019-08-24 10:21:54,200 - Velocimacro : autoload off : VM system will not automatically reload global library macros
2019-08-24 10:21:54,268 - ResourceManager : found /templates/entity.java.vm with loader org.apache.velocity.runtime.resource.loader.ClasspathResourceLoader
2019-08-24 10:21:54,289 - Left side (${versionFieldName}) of '==' operation has null value. If it is a reference, it may not be in the context or its toString() returned null. /templates/entity.java.vm[line 76, column 26]
2019-08-24 10:21:54,289 - Left side (${logicDeleteFieldName}) of '==' operation has null value. If it is a reference, it may not be in the context or its toString() returned null. /templates/entity.java.vm[line 80, column 30]
2019-08-24 10:21:54,290 - Left side (${versionFieldName}) of '==' operation has null value. If it is a reference, it may not be in the context or its toString() returned null. /templates/entity.java.vm[line 76, column 26]
2019-08-24 10:21:54,290 - Left side (${logicDeleteFieldName}) of '==' operation has null value. If it is a reference, it may not be in the context or its toString() returned null. /templates/entity.java.vm[line 80, column 30]
2019-08-24 10:21:54,290 - Left side (${versionFieldName}) of '==' operation has null value. If it is a reference, it may not be in the context or its toString() returned null. /templates/entity.java.vm[line 76, column 26]
2019-08-24 10:21:54,290 - Left side (${logicDeleteFieldName}) of '==' operation has null value. If it is a reference, it may not be in the context or its toString() returned null. /templates/entity.java.vm[line 80, column 30]
2019-08-24 10:21:54,291 - Left side (${versionFieldName}) of '==' operation has null value. If it is a reference, it may not be in the context or its toString() returned null. /templates/entity.java.vm[line 76, column 26]
2019-08-24 10:21:54,291 - Left side (${logicDeleteFieldName}) of '==' operation has null value. If it is a reference, it may not be in the context or its toString() returned null. /templates/entity.java.vm[line 80, column 30]
2019-08-24 10:21:54,307 - ResourceManager : found /templates/mapper.java.vm with loader org.apache.velocity.runtime.resource.loader.ClasspathResourceLoader
2019-08-24 10:21:54,319 - ResourceManager : found /templates/mapper.xml.vm with loader org.apache.velocity.runtime.resource.loader.ClasspathResourceLoader
2019-08-24 10:21:54,326 - ResourceManager : found /templates/service.java.vm with loader org.apache.velocity.runtime.resource.loader.ClasspathResourceLoader
2019-08-24 10:21:54,332 - ResourceManager : found /templates/serviceImpl.java.vm with loader org.apache.velocity.runtime.resource.loader.ClasspathResourceLoader
2019-08-24 10:21:54,339 - ResourceManager : found /templates/controller.java.vm with loader org.apache.velocity.runtime.resource.loader.ClasspathResourceLoader
2019-08-24 10:22:47,281 - Log4JLogChute initialized using file 'velocity.log'
2019-08-24 10:22:47,292 - Initializing Velocity, Calling init()...
2019-08-24 10:22:47,292 - Starting Apache Velocity v1.7 (compiled: 2010-11-19 12:14:37)
2019-08-24 10:22:47,292 - Default Properties File: org\apache\velocity\runtime\defaults\velocity.properties
2019-08-24 10:22:47,292 - Trying to use logger class org.apache.velocity.runtime.log.AvalonLogChute
2019-08-24 10:22:47,293 - Target log system for org.apache.velocity.runtime.log.AvalonLogChute is not available (java.lang.NoClassDefFoundError: org/apache/log/format/Formatter).  Falling back to next log system...
2019-08-24 10:22:47,293 - Trying to use logger class org.apache.velocity.runtime.log.Log4JLogChute
2019-08-24 10:22:47,293 - Using logger class org.apache.velocity.runtime.log.Log4JLogChute
2019-08-24 10:22:47,300 - ResourceLoader instantiated: org.apache.velocity.runtime.resource.loader.ClasspathResourceLoader
2019-08-24 10:22:47,331 - ResourceCache: initialized (class org.apache.velocity.runtime.resource.ResourceCacheImpl) with class java.util.Collections$SynchronizedMap cache map.
2019-08-24 10:22:47,334 - Loaded System Directive: org.apache.velocity.runtime.directive.Stop
2019-08-24 10:22:47,336 - Loaded System Directive: org.apache.velocity.runtime.directive.Define
2019-08-24 10:22:47,337 - Loaded System Directive: org.apache.velocity.runtime.directive.Break
2019-08-24 10:22:47,338 - Loaded System Directive: org.apache.velocity.runtime.directive.Evaluate
2019-08-24 10:22:47,339 - Loaded System Directive: org.apache.velocity.runtime.directive.Literal
2019-08-24 10:22:47,341 - Loaded System Directive: org.apache.velocity.runtime.directive.Macro
2019-08-24 10:22:47,344 - Loaded System Directive: org.apache.velocity.runtime.directive.Parse
2019-08-24 10:22:47,346 - Loaded System Directive: org.apache.velocity.runtime.directive.Include
2019-08-24 10:22:47,348 - Loaded System Directive: org.apache.velocity.runtime.directive.Foreach
2019-08-24 10:22:47,414 - Created '20' parsers.
2019-08-24 10:22:47,425 - Velocimacro : "velocimacro.library" is not set.  Trying default library: VM_global_library.vm
2019-08-24 10:22:47,426 - Could not load resource 'VM_global_library.vm' from ResourceLoader org.apache.velocity.runtime.resource.loader.ClasspathResourceLoader: ClasspathResourceLoader Error: cannot find resource VM_global_library.vm
2019-08-24 10:22:47,426 - Velocimacro : Default library not found.
2019-08-24 10:22:47,426 - Velocimacro : allowInline = true : VMs can be defined inline in templates
2019-08-24 10:22:47,426 - Velocimacro : allowInlineToOverride = false : VMs defined inline may NOT replace previous VM definitions
2019-08-24 10:22:47,426 - Velocimacro : allowInlineLocal = false : VMs defined inline will be global in scope if allowed.
2019-08-24 10:22:47,427 - Velocimacro : autoload off : VM system will not automatically reload global library macros
2019-08-24 10:22:47,492 - ResourceManager : found /templates/entity.java.vm with loader org.apache.velocity.runtime.resource.loader.ClasspathResourceLoader
2019-08-24 10:22:47,512 - Left side (${versionFieldName}) of '==' operation has null value. If it is a reference, it may not be in the context or its toString() returned null. /templates/entity.java.vm[line 76, column 26]
2019-08-24 10:22:47,513 - Left side (${logicDeleteFieldName}) of '==' operation has null value. If it is a reference, it may not be in the context or its toString() returned null. /templates/entity.java.vm[line 80, column 30]
2019-08-24 10:22:47,513 - Left side (${versionFieldName}) of '==' operation has null value. If it is a reference, it may not be in the context or its toString() returned null. /templates/entity.java.vm[line 76, column 26]
2019-08-24 10:22:47,513 - Left side (${logicDeleteFieldName}) of '==' operation has null value. If it is a reference, it may not be in the context or its toString() returned null. /templates/entity.java.vm[line 80, column 30]
2019-08-24 10:22:47,513 - Left side (${versionFieldName}) of '==' operation has null value. If it is a reference, it may not be in the context or its toString() returned null. /templates/entity.java.vm[line 76, column 26]
2019-08-24 10:22:47,514 - Left side (${logicDeleteFieldName}) of '==' operation has null value. If it is a reference, it may not be in the context or its toString() returned null. /templates/entity.java.vm[line 80, column 30]
2019-08-24 10:22:47,514 - Left side (${versionFieldName}) of '==' operation has null value. If it is a reference, it may not be in the context or its toString() returned null. /templates/entity.java.vm[line 76, column 26]
2019-08-24 10:22:47,514 - Left side (${logicDeleteFieldName}) of '==' operation has null value. If it is a reference, it may not be in the context or its toString() returned null. /templates/entity.java.vm[line 80, column 30]
2019-08-24 10:22:47,530 - ResourceManager : found /templates/mapper.java.vm with loader org.apache.velocity.runtime.resource.loader.ClasspathResourceLoader
2019-08-24 10:22:47,556 - ResourceManager : found /templates/mapper.xml.vm with loader org.apache.velocity.runtime.resource.loader.ClasspathResourceLoader
2019-08-24 10:22:47,564 - ResourceManager : found /templates/service.java.vm with loader org.apache.velocity.runtime.resource.loader.ClasspathResourceLoader
2019-08-24 10:22:47,571 - ResourceManager : found /templates/serviceImpl.java.vm with loader org.apache.velocity.runtime.resource.loader.ClasspathResourceLoader
2019-08-24 10:22:47,578 - ResourceManager : found /templates/controller.java.vm with loader org.apache.velocity.runtime.resource.loader.ClasspathResourceLoader
